[[1;97mINFO[0m]	src/core/ListenSock.cpp:30: [1;97mNew listening socket[0m
[[1;34mDEBUG[0m]	src/core/ListenSock.cpp:31: [1;97mfd=4 ; addr=127.0.0.1 ; port=4444[0m
[[1;97mINFO[0m]	src/core/Server.cpp:26: [1;97mNew epoll instance[0m
[[1;34mDEBUG[0m]	src/core/Server.cpp:27: [1;97mfd=5[0m
[[1;97mINFO[0m]	src/core/ConnectSock.cpp:18: [1;97mNew connection socket[0m
[[1;34mDEBUG[0m]	src/core/ConnectSock.cpp:19: [1;97mfd=6 ; addr=16777343 ; port=61083[0m
[[1;97mINFO[0m]	src/core/Server.cpp:142: [1;97mNew client accepted[0m
[[1;97mINFO[0m]	src/core/Server.cpp:144: [1;97mNo more pending connection[0m
[[1;97mINFO[0m]	src/core/Server.cpp:74: [1;97mfd 6 is ready to read[0m
[[1;97mINFO[0m]	src/core/Server.cpp:79: [1;97mrecv: aefhjoaweijfoaiewjf
[0m
[[1;97mINFO[0m]	src/core/Server.cpp:79: [1;97mrecv: ijef
[0m
[[1;97mINFO[0m]	src/core/Server.cpp:79: [1;97mrecv: i
[0m
[[1;97mINFO[0m]	src/core/Server.cpp:79: [1;97mrecv: f
[0m
[[1;97mINFO[0m]	src/core/Socket.cpp:19: [1;97mclose(6)[0m
[[1;97mINFO[0m]	src/core/Server.cpp:154: [1;97mClient deleted[0m
[[1;97mINFO[0m]	src/core/ConnectSock.cpp:18: [1;97mNew connection socket[0m
[[1;34mDEBUG[0m]	src/core/ConnectSock.cpp:19: [1;97mfd=6 ; addr=16777343 ; port=41118[0m
[[1;97mINFO[0m]	src/core/Server.cpp:142: [1;97mNew client accepted[0m
[[1;97mINFO[0m]	src/core/Server.cpp:144: [1;97mNo more pending connection[0m
[[1;97mINFO[0m]	src/core/Server.cpp:74: [1;97mfd 6 is ready to read[0m
[[1;97mINFO[0m]	src/core/Socket.cpp:19: [1;97mclose(6)[0m
[[1;97mINFO[0m]	src/core/Server.cpp:154: [1;97mClient deleted[0m
[[1;97mINFO[0m]	src/webserv.cpp:14: [1;97mSIGINT received[0m
[[1;97mINFO[0m]	src/core/Server.cpp:45: [1;97mclose(5)[0m
[[1;97mINFO[0m]	src/core/Socket.cpp:19: [1;97mclose(4)[0m
